<?xml version="1.0" encoding="UTF-8"?>
<!-- Generated by org.testng.reporters.JUnitReportReporter -->
<testsuite hostname="jagaxdeesh" failures="0" tests="2" name="launchbrowsers.TestNG_7_TimeOutFeature" time="13.851" errors="0" timestamp="2025-03-29T15:50:02 IST" skipped="0">
  <testcase classname="launchbrowsers.TestNG_7_TimeOutFeature" name="method2" time="4.857"/>
  <testcase classname="launchbrowsers.TestNG_7_TimeOutFeature" name="f" time="8.994"/>
</testsuite> <!-- launchbrowsers.TestNG_7_TimeOutFeature -->
