<?xml version="1.0" encoding="UTF-8"?>
<!-- Generated by org.testng.reporters.JUnitReportReporter -->
<testsuite hostname="jagaxdeesh" failures="0" tests="7" name="launchbrowsers.TestNG_2_TCs_Execution_Alphabatical" time="12.868" errors="0" timestamp="2025-03-28T08:25:52 IST" skipped="0">
  <testcase classname="launchbrowsers.TestNG_2_TCs_Execution_Alphabatical" name="facebook" time="1.003"/>
  <testcase classname="launchbrowsers.TestNG_2_TCs_Execution_Alphabatical" name="gmail" time="1.784"/>
  <testcase classname="launchbrowsers.TestNG_2_TCs_Execution_Alphabatical" name="zomato" time="1.913"/>
  <testcase classname="launchbrowsers.TestNG_2_TCs_Execution_Alphabatical" name="google" time="1.049"/>
  <testcase classname="launchbrowsers.TestNG_2_TCs_Execution_Alphabatical" name="seleniumDev" time="1.263"/>
  <testcase classname="launchbrowsers.TestNG_2_TCs_Execution_Alphabatical" name="swiggy" time="2.331"/>
  <testcase classname="launchbrowsers.TestNG_2_TCs_Execution_Alphabatical" name="twitter" time="3.525"/>
</testsuite> <!-- launchbrowsers.TestNG_2_TCs_Execution_Alphabatical -->
