<?xml version="1.0" encoding="UTF-8"?>
<!-- Generated by org.testng.reporters.JUnitReportReporter -->
<testsuite hostname="jagaxdeesh" failures="0" tests="10" name="praticesall.TestNG_91_Groups_TestCase" time="49.000" errors="0" timestamp="2025-04-06T18:06:36 IST" skipped="0">
  <testcase classname="praticesall.TestNG_91_Groups_TestCase" name="bugzilla" time="3.026"/>
  <testcase classname="praticesall.TestNG_91_Groups_TestCase" name="redmine" time="26.286"/>
  <testcase classname="praticesall.TestNG_91_Groups_TestCase" name="gmail" time="2.638"/>
  <testcase classname="praticesall.TestNG_91_Groups_TestCase" name="seleniumDev" time="2.093"/>
  <testcase classname="praticesall.TestNG_91_Groups_TestCase" name="google" time="1.420"/>
  <testcase classname="praticesall.TestNG_91_Groups_TestCase" name="swiggy" time="3.837"/>
  <testcase classname="praticesall.TestNG_91_Groups_TestCase" name="twitter" time="2.652"/>
  <testcase classname="praticesall.TestNG_91_Groups_TestCase" name="facebook" time="1.231"/>
  <testcase classname="praticesall.TestNG_91_Groups_TestCase" name="jira" time="4.336"/>
  <testcase classname="praticesall.TestNG_91_Groups_TestCase" name="zomato" time="1.481"/>
</testsuite> <!-- praticesall.TestNG_91_Groups_TestCase -->
