<?xml version="1.0" encoding="UTF-8"?>
<!-- Generated by org.testng.reporters.JUnitReportReporter -->
<testsuite hostname="jagaxdeesh" failures="0" tests="2" name="newtabfunction.NewTabs" time="11.420" errors="0" timestamp="2025-04-02T15:53:33 IST" skipped="1">
  <testcase classname="newtabfunction.NewTabs" name="techlearn" time="11.420"/>
  <testcase classname="newtabfunction.NewTabs" name="frame">
    <skipped/>
  </testcase> <!-- frame -->
</testsuite> <!-- newtabfunction.NewTabs -->
