<?xml version="1.0" encoding="UTF-8"?>
<!-- Generated by org.testng.reporters.JUnitReportReporter -->
<testsuite hostname="jagaxdeesh" failures="0" tests="1" name="praticesall.BasicNavigationMethods" time="28.175" errors="0" timestamp="2025-04-06T17:17:30 IST" skipped="0">
  <testcase classname="praticesall.BasicNavigationMethods" name="f" time="28.175"/>
</testsuite> <!-- praticesall.BasicNavigationMethods -->
