<?xml version="1.0" encoding="UTF-8"?>
<!-- Generated by org.testng.reporters.JUnitReportReporter -->
<testsuite hostname="jagaxdeesh" failures="0" tests="3" name="launchbrowsers.TestNG_1_seleniumLocators" time="13.841" errors="0" timestamp="2025-03-28T09:41:56 IST" skipped="0">
  <testcase classname="launchbrowsers.TestNG_1_seleniumLocators" name="techlearnlinks" time="7.735"/>
  <testcase classname="launchbrowsers.TestNG_1_seleniumLocators" name="flipkart" time="2.403"/>
  <testcase classname="launchbrowsers.TestNG_1_seleniumLocators" name="f" time="3.703"/>
</testsuite> <!-- launchbrowsers.TestNG_1_seleniumLocators -->
