<?xml version="1.0" encoding="UTF-8"?>
<!-- Generated by org.testng.reporters.JUnitReportReporter -->
<testsuite hostname="jagaxdeesh" failures="0" tests="5" name="actiononclicks.RCDCDDMOKF" time="5.269" errors="0" timestamp="2025-04-14T22:20:51 IST" skipped="4">
  <testcase classname="actiononclicks.RCDCDDMOKF" name="keywoard" time="5.269"/>
  <testcase classname="actiononclicks.RCDCDDMOKF" name="mouseover">
    <skipped/>
  </testcase> <!-- mouseover -->
  <testcase classname="actiononclicks.RCDCDDMOKF" name="doubleClick">
    <skipped/>
  </testcase> <!-- doubleClick -->
  <testcase classname="actiononclicks.RCDCDDMOKF" name="rightClick">
    <skipped/>
  </testcase> <!-- rightClick -->
  <testcase classname="actiononclicks.RCDCDDMOKF" name="dragdrop">
    <skipped/>
  </testcase> <!-- dragdrop -->
</testsuite> <!-- actiononclicks.RCDCDDMOKF -->
