<?xml version="1.0" encoding="UTF-8"?>
<!-- Generated by org.testng.reporters.JUnitReportReporter -->
<testsuite hostname="jagaxdeesh" failures="0" tests="6" name="launchbrowsers.TestNG_4_TCs_Skip_Ignore_Disabled" time="6.775" errors="0" timestamp="2025-03-29T13:57:33 IST" skipped="2">
  <testcase classname="launchbrowsers.TestNG_4_TCs_Skip_Ignore_Disabled" name="google" time="1.671"/>
  <testcase classname="launchbrowsers.TestNG_4_TCs_Skip_Ignore_Disabled" name="flipkart" time="2.197"/>
  <testcase classname="launchbrowsers.TestNG_4_TCs_Skip_Ignore_Disabled" name="amazon" time="1.972"/>
  <testcase classname="launchbrowsers.TestNG_4_TCs_Skip_Ignore_Disabled" name="instagram" time="0.935"/>
  <testcase classname="launchbrowsers.TestNG_4_TCs_Skip_Ignore_Disabled" name="facebook">
    <skipped/>
  </testcase> <!-- facebook -->
  <testcase classname="launchbrowsers.TestNG_4_TCs_Skip_Ignore_Disabled" name="techlearn">
    <skipped/>
  </testcase> <!-- techlearn -->
</testsuite> <!-- launchbrowsers.TestNG_4_TCs_Skip_Ignore_Disabled -->
