<?xml version="1.0" encoding="UTF-8"?>
<!-- Generated by org.testng.reporters.JUnitReportReporter -->
<testsuite hostname="jagaxdeesh" failures="0" tests="10" name="launchbrowsers.TestNG_8_Invocation_Count" time="41.357" errors="0" timestamp="2025-03-29T15:56:30 IST" skipped="0">
  <testcase classname="launchbrowsers.TestNG_8_Invocation_Count" name="f" time="3.745"/>
  <testcase classname="launchbrowsers.TestNG_8_Invocation_Count" name="f" time="3.846"/>
  <testcase classname="launchbrowsers.TestNG_8_Invocation_Count" name="f" time="4.029"/>
  <testcase classname="launchbrowsers.TestNG_8_Invocation_Count" name="f" time="5.306"/>
  <testcase classname="launchbrowsers.TestNG_8_Invocation_Count" name="f" time="4.344"/>
  <testcase classname="launchbrowsers.TestNG_8_Invocation_Count" name="f" time="3.743"/>
  <testcase classname="launchbrowsers.TestNG_8_Invocation_Count" name="f" time="4.054"/>
  <testcase classname="launchbrowsers.TestNG_8_Invocation_Count" name="f" time="4.416"/>
  <testcase classname="launchbrowsers.TestNG_8_Invocation_Count" name="f" time="3.949"/>
  <testcase classname="launchbrowsers.TestNG_8_Invocation_Count" name="f" time="3.925"/>
</testsuite> <!-- launchbrowsers.TestNG_8_Invocation_Count -->
