<?xml version="1.0" encoding="UTF-8"?>
<!-- Generated by org.testng.reporters.JUnitReportReporter -->
<testsuite hostname="jagaxdeesh" failures="0" tests="3" name="launchbrowsers.TestNG_3_TCs_Execution_Priority_Order" time="17.983" errors="0" timestamp="2025-03-28T10:37:58 IST" skipped="0">
  <testcase classname="launchbrowsers.TestNG_3_TCs_Execution_Priority_Order" name="google" time="1.591"/>
  <testcase classname="launchbrowsers.TestNG_3_TCs_Execution_Priority_Order" name="flipkart" time="9.326"/>
  <testcase classname="launchbrowsers.TestNG_3_TCs_Execution_Priority_Order" name="techlearn" time="7.066"/>
</testsuite> <!-- launchbrowsers.TestNG_3_TCs_Execution_Priority_Order -->
