<?xml version="1.0" encoding="UTF-8"?>
<!-- Generated by org.testng.reporters.JUnitReportReporter -->
<testsuite hostname="jagaxdeesh" failures="0" tests="1" name="launchbrowsers.GitDemo" time="6.383" errors="0" timestamp="2025-04-16T18:43:19 IST" skipped="0">
  <testcase classname="launchbrowsers.GitDemo" name="techlearn" time="6.383"/>
</testsuite> <!-- launchbrowsers.GitDemo -->
