<?xml version="1.0" encoding="UTF-8"?>
<!-- Generated by org.testng.reporters.JUnitReportReporter -->
<testsuite hostname="jagaxdeesh" failures="0" tests="2" name="praticesall.NewTest_run_xml" time="2.794" errors="0" timestamp="2025-04-06T17:52:36 IST" skipped="0">
  <testcase classname="praticesall.NewTest_run_xml" name="google" time="1.460"/>
  <testcase classname="praticesall.NewTest_run_xml" name="seleniumDev" time="1.334"/>
</testsuite> <!-- praticesall.NewTest_run_xml -->
