<?xml version="1.0" encoding="UTF-8"?>
<!-- Generated by org.testng.reporters.JUnitReportReporter -->
<testsuite hostname="jagaxdeesh" failures="0" tests="2" name="launchbrowsers.TestNG_5_Description_Feature" time="1.556" errors="0" timestamp="2025-03-29T14:38:46 IST" skipped="1">
  <testcase classname="launchbrowsers.TestNG_5_Description_Feature" name="google" time="1.556"/>
  <testcase classname="launchbrowsers.TestNG_5_Description_Feature" name="f">
    <skipped/>
  </testcase> <!-- f -->
</testsuite> <!-- launchbrowsers.TestNG_5_Description_Feature -->
