<?xml version="1.0" encoding="UTF-8"?>
<!-- Generated by org.testng.reporters.JUnitReportReporter -->
<testsuite hostname="jagaxdeesh" failures="0" tests="3" name="popupalertwindows.TestNG_1_PopupAlertWindows" time="14.295" errors="0" timestamp="2025-03-31T08:30:43 IST" skipped="1">
  <testcase classname="popupalertwindows.TestNG_1_PopupAlertWindows" name="method2" time="3.193"/>
  <testcase classname="popupalertwindows.TestNG_1_PopupAlertWindows" name="method1" time="11.102"/>
  <testcase classname="popupalertwindows.TestNG_1_PopupAlertWindows" name="f">
    <skipped/>
  </testcase> <!-- f -->
</testsuite> <!-- popupalertwindows.TestNG_1_PopupAlertWindows -->
