<?xml version="1.0" encoding="UTF-8"?>
<!-- Generated by org.testng.reporters.JUnitReportReporter -->
<testsuite hostname="jagaxdeesh" failures="0" tests="1" name="newTabnewWindow.NewTab" time="40.941" errors="0" timestamp="2025-04-15T08:49:30 IST" skipped="0">
  <testcase classname="newTabnewWindow.NewTab" name="frames" time="40.941"/>
</testsuite> <!-- newTabnewWindow.NewTab -->
