<?xml version="1.0" encoding="UTF-8"?>
<!-- Generated by org.testng.reporters.JUnitReportReporter -->
<testsuite hostname="jagaxdeesh" failures="0" tests="3" name="launchbrowsers.TestNG_6_DependsOneMethods" time="9.132" errors="0" timestamp="2025-03-29T15:01:16 IST" skipped="0">
  <testcase classname="launchbrowsers.TestNG_6_DependsOneMethods" name="method2" time="4.680"/>
  <testcase classname="launchbrowsers.TestNG_6_DependsOneMethods" name="method3" time="2.242"/>
  <testcase classname="launchbrowsers.TestNG_6_DependsOneMethods" name="method1" time="2.210"/>
</testsuite> <!-- launchbrowsers.TestNG_6_DependsOneMethods -->
