<?xml version="1.0" encoding="UTF-8"?>
<!-- Generated by org.testng.reporters.JUnitReportReporter -->
<testsuite hostname="jagaxdeesh" failures="0" tests="1" name="locators.Locator" time="1.239" errors="0" timestamp="2025-04-04T13:55:23 IST" skipped="0">
  <testcase classname="locators.Locator" name="f" time="1.239"/>
</testsuite> <!-- locators.Locator -->
