<?xml version="1.0" encoding="UTF-8"?>
<!-- Generated by org.testng.reporters.JUnitReportReporter -->
<testsuite hostname="jagaxdeesh" failures="0" tests="1" name="dropdownvaluse.SelectDropDownValuse" time="9.137" errors="0" timestamp="2025-03-31T14:04:24 IST" skipped="0">
  <testcase classname="dropdownvaluse.SelectDropDownValuse" name="f" time="9.137"/>
</testsuite> <!-- dropdownvaluse.SelectDropDownValuse -->
