<?xml version="1.0" encoding="UTF-8"?>
<!-- Generated by org.testng.reporters.JUnitReportReporter -->
<testsuite hostname="jagaxdeesh" failures="0" tests="2" name="praticesall.Actionclass" time="5.607" errors="0" timestamp="2025-04-07T12:05:15 IST" skipped="1">
  <testcase classname="praticesall.Actionclass" name="doubleclick" time="5.607"/>
  <testcase classname="praticesall.Actionclass" name="rightclick">
    <skipped/>
  </testcase> <!-- rightclick -->
</testsuite> <!-- praticesall.Actionclass -->
