<?xml version="1.0" encoding="UTF-8"?>
<!-- Generated by org.testng.reporters.JUnitReportReporter -->
<testsuite hostname="jagaxdeesh" failures="0" tests="1" name="launchbrowsers.NewTest2" time="0.023" errors="0" timestamp="2025-03-28T17:26:17 IST" skipped="0">
  <testcase classname="launchbrowsers.NewTest2" name="f" time="0.023"/>
</testsuite> <!-- launchbrowsers.NewTest2 -->
