<?xml version="1.0" encoding="UTF-8"?>
<!-- Generated by org.testng.reporters.JUnitReportReporter -->
<testsuite hostname="jagaxdeesh" failures="0" tests="1" name="praticesall.NavigationMethods" time="15.942" errors="0" timestamp="2025-04-06T17:28:14 IST" skipped="0">
  <testcase classname="praticesall.NavigationMethods" name="f" time="15.942"/>
</testsuite> <!-- praticesall.NavigationMethods -->
