<?xml version="1.0" encoding="UTF-8"?>
<!-- Generated by org.testng.reporters.JUnitReportReporter -->
<testsuite hostname="jagaxdeesh" failures="0" tests="1" name="iframe.HandleIFrames" time="31.690" errors="0" timestamp="2025-04-14T22:52:59 IST" skipped="0">
  <testcase classname="iframe.HandleIFrames" name="handleIframe" time="31.690"/>
</testsuite> <!-- iframe.HandleIFrames -->
