<?xml version="1.0" encoding="UTF-8"?>
<!-- Generated by org.testng.reporters.JUnitReportReporter -->
<testsuite hostname="jagaxdeesh" failures="0" tests="1" name="praticesall.LaunchBrowser" time="4.947" errors="0" timestamp="2025-04-06T17:03:39 IST" skipped="0">
  <testcase classname="praticesall.LaunchBrowser" name="f" time="4.947"/>
</testsuite> <!-- praticesall.LaunchBrowser -->
