<?xml version="1.0" encoding="UTF-8"?>
<!-- Generated by org.testng.reporters.JUnitReportReporter -->
<testsuite hostname="jagaxdeesh" failures="0" tests="1" name="dropdownvaluse.SeleniumDropDown" time="3.354" errors="0" timestamp="2025-04-05T17:47:13 IST" skipped="0">
  <testcase classname="dropdownvaluse.SeleniumDropDown" name="f" time="3.354"/>
</testsuite> <!-- dropdownvaluse.SeleniumDropDown -->
