<?xml version="1.0" encoding="UTF-8"?>
<!-- Generated by org.testng.reporters.JUnitReportReporter -->
<testsuite hostname="jagaxdeesh" failures="0" tests="3" name="verifyTabTitleAppURLAppText.VerifyTabTitleAppURLAppText" time="1.637" errors="0" timestamp="2025-04-03T08:39:11 IST" skipped="2">
  <testcase classname="verifyTabTitleAppURLAppText.VerifyTabTitleAppURLAppText" name="applicationimage" time="1.637"/>
  <testcase classname="verifyTabTitleAppURLAppText.VerifyTabTitleAppURLAppText" name="tabTittle">
    <skipped/>
  </testcase> <!-- tabTittle -->
  <testcase classname="verifyTabTitleAppURLAppText.VerifyTabTitleAppURLAppText" name="applicationurl">
    <skipped/>
  </testcase> <!-- applicationurl -->
</testsuite> <!-- verifyTabTitleAppURLAppText.VerifyTabTitleAppURLAppText -->
