<?xml version="1.0" encoding="UTF-8"?>
<!-- Generated by org.testng.reporters.JUnitReportReporter -->
<testsuite hostname="jagaxdeesh" failures="0" tests="1" name="praticesall.SelectDropDownValuse" time="11.859" errors="0" timestamp="2025-04-07T07:54:56 IST" skipped="0">
  <testcase classname="praticesall.SelectDropDownValuse" name="f" time="11.859"/>
</testsuite> <!-- praticesall.SelectDropDownValuse -->
