<?xml version="1.0" encoding="UTF-8"?>
<!-- Generated by org.testng.reporters.JUnitReportReporter -->
<testsuite hostname="jagaxdeesh" failures="0" tests="1" name="launchbrowsers.NewTest" time="11.306" errors="0" timestamp="2025-04-04T13:01:17 IST" skipped="0">
  <testcase classname="launchbrowsers.NewTest" name="f" time="11.306"/>
</testsuite> <!-- launchbrowsers.NewTest -->
